<?xml version="1.0" encoding="UTF-8"?>
<testng-results skipped="0" failed="1" ignored="0" total="4" passed="3">
  <reporter-output>
  </reporter-output>
  <suite name="Default suite" duration-ms="47310" started-at="2017-11-22T18:51:57Z" finished-at="2017-11-22T18:52:44Z">
    <groups>
    </groups>
    <test name="Default test" duration-ms="47310" started-at="2017-11-22T18:51:57Z" finished-at="2017-11-22T18:52:44Z">
      <class name="com.mercurytours.testcases.LoginTest">
        <test-method status="PASS" signature="setUp()[pri:0, instance:com.mercurytours.testcases.LoginTest@475530b9]" name="setUp" is-config="true" duration-ms="8252" started-at="2017-11-22T13:51:58Z" finished-at="2017-11-22T13:52:06Z">
          <reporter-output>
          </reporter-output>
        </test-method> <!-- setUp -->
        <test-method status="FAIL" signature="verifyLogin(java.lang.String, java.lang.String)[pri:0, instance:com.mercurytours.testcases.LoginTest@475530b9]" name="verifyLogin" duration-ms="2658" started-at="2017-11-22T13:52:06Z" data-provider="credentials" finished-at="2017-11-22T13:52:09Z">
          <params>
            <param index="0">
              <value>
                <![CDATA[username]]>
              </value>
            </param>
            <param index="1">
              <value>
                <![CDATA[password]]>
              </value>
            </param>
          </params>
          <exception class="java.lang.AssertionError">
            <message>
              <![CDATA[expected [Find a Flight: Mercury Tours:] but found [Sign-on: Mercury Tours]]]>
            </message>
            <full-stacktrace>
              <![CDATA[java.lang.AssertionError: expected [Find a Flight: Mercury Tours:] but found [Sign-on: Mercury Tours]
	at org.testng.Assert.fail(Assert.java:93)
	at org.testng.Assert.failNotEquals(Assert.java:512)
	at org.testng.Assert.assertEqualsImpl(Assert.java:134)
	at org.testng.Assert.assertEquals(Assert.java:115)
	at org.testng.Assert.assertEquals(Assert.java:189)
	at org.testng.Assert.assertEquals(Assert.java:199)
	at com.mercurytours.testcases.LoginTest.verifyLogin(LoginTest.java:40)
	at sun.reflect.NativeMethodAccessorImpl.invoke0(Native Method)
	at sun.reflect.NativeMethodAccessorImpl.invoke(Unknown Source)
	at sun.reflect.DelegatingMethodAccessorImpl.invoke(Unknown Source)
	at java.lang.reflect.Method.invoke(Unknown Source)
	at org.testng.internal.MethodInvocationHelper.invokeMethod(MethodInvocationHelper.java:108)
	at org.testng.internal.Invoker.invokeMethod(Invoker.java:661)
	at org.testng.internal.Invoker.invokeTestMethod(Invoker.java:869)
	at org.testng.internal.Invoker.invokeTestMethods(Invoker.java:1193)
	at org.testng.internal.TestMethodWorker.invokeTestMethods(TestMethodWorker.java:126)
	at org.testng.internal.TestMethodWorker.run(TestMethodWorker.java:109)
	at org.testng.TestRunner.privateRun(TestRunner.java:744)
	at org.testng.TestRunner.run(TestRunner.java:602)
	at org.testng.SuiteRunner.runTest(SuiteRunner.java:380)
	at org.testng.SuiteRunner.runSequentially(SuiteRunner.java:375)
	at org.testng.SuiteRunner.privateRun(SuiteRunner.java:340)
	at org.testng.SuiteRunner.run(SuiteRunner.java:289)
	at org.testng.SuiteRunnerWorker.runSuite(SuiteRunnerWorker.java:52)
	at org.testng.SuiteRunnerWorker.run(SuiteRunnerWorker.java:86)
	at org.testng.TestNG.runSuitesSequentially(TestNG.java:1301)
	at org.testng.TestNG.runSuitesLocally(TestNG.java:1226)
	at org.testng.TestNG.runSuites(TestNG.java:1144)
	at org.testng.TestNG.run(TestNG.java:1115)
	at org.testng.remote.AbstractRemoteTestNG.run(AbstractRemoteTestNG.java:114)
	at org.testng.remote.RemoteTestNG.initAndRun(RemoteTestNG.java:251)
	at org.testng.remote.RemoteTestNG.main(RemoteTestNG.java:77)
]]>
            </full-stacktrace>
          </exception> <!-- java.lang.AssertionError -->
          <reporter-output>
          </reporter-output>
        </test-method> <!-- verifyLogin -->
        <test-method status="PASS" signature="tearDown()[pri:0, instance:com.mercurytours.testcases.LoginTest@475530b9]" name="tearDown" is-config="true" duration-ms="661" started-at="2017-11-22T13:52:09Z" finished-at="2017-11-22T13:52:09Z">
          <reporter-output>
          </reporter-output>
        </test-method> <!-- tearDown -->
        <test-method status="PASS" signature="setUp()[pri:0, instance:com.mercurytours.testcases.LoginTest@475530b9]" name="setUp" is-config="true" duration-ms="6943" started-at="2017-11-22T13:52:09Z" finished-at="2017-11-22T13:52:16Z">
          <reporter-output>
          </reporter-output>
        </test-method> <!-- setUp -->
        <test-method status="PASS" signature="verifyLogin(java.lang.String, java.lang.String)[pri:0, instance:com.mercurytours.testcases.LoginTest@475530b9]" name="verifyLogin" duration-ms="4787" started-at="2017-11-22T13:52:16Z" data-provider="credentials" finished-at="2017-11-22T13:52:21Z">
          <params>
            <param index="0">
              <value>
                <![CDATA[tutorial]]>
              </value>
            </param>
            <param index="1">
              <value>
                <![CDATA[tutorial]]>
              </value>
            </param>
          </params>
          <reporter-output>
          </reporter-output>
        </test-method> <!-- verifyLogin -->
        <test-method status="PASS" signature="tearDown()[pri:0, instance:com.mercurytours.testcases.LoginTest@475530b9]" name="tearDown" is-config="true" duration-ms="0" started-at="2017-11-22T13:52:21Z" finished-at="2017-11-22T13:52:21Z">
          <reporter-output>
          </reporter-output>
        </test-method> <!-- tearDown -->
        <test-method status="PASS" signature="setUp()[pri:0, instance:com.mercurytours.testcases.LoginTest@475530b9]" name="setUp" is-config="true" duration-ms="7063" started-at="2017-11-22T13:52:21Z" finished-at="2017-11-22T13:52:28Z">
          <reporter-output>
          </reporter-output>
        </test-method> <!-- setUp -->
        <test-method status="PASS" signature="verifyLogin(java.lang.String, java.lang.String)[pri:0, instance:com.mercurytours.testcases.LoginTest@475530b9]" name="verifyLogin" duration-ms="5100" started-at="2017-11-22T13:52:28Z" data-provider="credentials" finished-at="2017-11-22T13:52:33Z">
          <params>
            <param index="0">
              <value>
                <![CDATA[suresh]]>
              </value>
            </param>
            <param index="1">
              <value>
                <![CDATA[suresh]]>
              </value>
            </param>
          </params>
          <reporter-output>
          </reporter-output>
        </test-method> <!-- verifyLogin -->
        <test-method status="PASS" signature="setUp()[pri:0, instance:com.mercurytours.testcases.LoginTest@475530b9]" name="setUp" is-config="true" duration-ms="6183" started-at="2017-11-22T13:52:33Z" finished-at="2017-11-22T13:52:39Z">
          <reporter-output>
          </reporter-output>
        </test-method> <!-- setUp -->
        <test-method status="PASS" signature="tearDown()[pri:0, instance:com.mercurytours.testcases.LoginTest@475530b9]" name="tearDown" is-config="true" duration-ms="0" started-at="2017-11-22T13:52:33Z" finished-at="2017-11-22T13:52:33Z">
          <reporter-output>
          </reporter-output>
        </test-method> <!-- tearDown -->
        <test-method status="PASS" signature="verifyLogin(java.lang.String, java.lang.String)[pri:0, instance:com.mercurytours.testcases.LoginTest@475530b9]" name="verifyLogin" duration-ms="4882" started-at="2017-11-22T13:52:39Z" data-provider="credentials" finished-at="2017-11-22T13:52:44Z">
          <params>
            <param index="0">
              <value>
                <![CDATA[tutorial]]>
              </value>
            </param>
            <param index="1">
              <value>
                <![CDATA[tutorial]]>
              </value>
            </param>
          </params>
          <reporter-output>
          </reporter-output>
        </test-method> <!-- verifyLogin -->
        <test-method status="PASS" signature="tearDown()[pri:0, instance:com.mercurytours.testcases.LoginTest@475530b9]" name="tearDown" is-config="true" duration-ms="0" started-at="2017-11-22T13:52:44Z" finished-at="2017-11-22T13:52:44Z">
          <reporter-output>
          </reporter-output>
        </test-method> <!-- tearDown -->
      </class> <!-- com.mercurytours.testcases.LoginTest -->
    </test> <!-- Default test -->
  </suite> <!-- Default suite -->
</testng-results>
